<?xml version="1.0" encoding="UTF-8"?>
<testng-results skipped="0" failed="1" ignored="0" total="6" passed="5">
  <reporter-output>
    <line>
      <![CDATA[Clicked on element with identification : By.linkText: Sign in]]>
    </line>
    <line>
      <![CDATA[Text box value set as : maruthi.th@gmail.com]]>
    </line>
    <line>
      <![CDATA[Text box value set as : Capgemini]]>
    </line>
    <line>
      <![CDATA[Clicked on element with identification : By.name: SubmitLogin]]>
    </line>
    <line>
      <![CDATA[Login successful: Welcome to your account. Here you can manage all of your personal information and orders.]]>
    </line>
    <line>
      <![CDATA[Clicked on element with identification : By.linkText: Sign in]]>
    </line>
    <line>
      <![CDATA[Text box value set as : maruthi.th@gmail.com]]>
    </line>
    <line>
      <![CDATA[Text box value set as : Capgemini]]>
    </line>
    <line>
      <![CDATA[Clicked on element with identification : By.name: SubmitLogin]]>
    </line>
    <line>
      <![CDATA[Login successful: Welcome to your account. Here you can manage all of your personal information and orders.]]>
    </line>
    <line>
      <![CDATA[Max Price found on the website : 50.99]]>
    </line>
    <line>
      <![CDATA[Text box value set as : 1]]>
    </line>
    <line>
      <![CDATA[Clicked on element with identification : By.name: Submit]]>
    </line>
    <line>
      <![CDATA[Clicked on element with identification : By.xpath: //span[@title = 'Continue shopping']]]>
    </line>
    <line>
      <![CDATA[1 Dress added to the cart with amount : 50.99]]>
    </line>
    <line>
      <![CDATA[ Product count in the cart matches : 1]]>
    </line>
    <line>
      <![CDATA[Clicked on element with identification : By.xpath: //a[@title='Log me out']]]>
    </line>
    <line>
      <![CDATA[Logged out from the account successfully !!!]]>
    </line>
    <line>
      <![CDATA[Clicked on element with identification : By.linkText: Sign in]]>
    </line>
    <line>
      <![CDATA[Text box value set as : maruthi.th@gmail.com]]>
    </line>
    <line>
      <![CDATA[Text box value set as : Capgemini]]>
    </line>
    <line>
      <![CDATA[Clicked on element with identification : By.name: SubmitLogin]]>
    </line>
    <line>
      <![CDATA[Login successful: Welcome to your account. Here you can manage all of your personal information and orders.]]>
    </line>
    <line>
      <![CDATA[Clicked on element with identification : By.linkText: Sign in]]>
    </line>
    <line>
      <![CDATA[Text box value set as : maruthi.th@gmail.com]]>
    </line>
    <line>
      <![CDATA[Text box value set as : Capgemini]]>
    </line>
    <line>
      <![CDATA[Clicked on element with identification : By.name: SubmitLogin]]>
    </line>
    <line>
      <![CDATA[Login successful: Welcome to your account. Here you can manage all of your personal information and orders.]]>
    </line>
    <line>
      <![CDATA[Clicked on element with identification : By.xpath: //a[@title='Log me out']]]>
    </line>
    <line>
      <![CDATA[Logged out from the account successfully !!!]]>
    </line>
  </reporter-output>
  <suite name="TestSuite" duration-ms="60754" started-at="2019-02-11T16:28:12Z" finished-at="2019-02-11T16:29:12Z">
    <groups>
    </groups>
    <test name="Login" duration-ms="23728" started-at="2019-02-11T16:28:12Z" finished-at="2019-02-11T16:28:35Z">
      <class name="CapGemini.AutomationPractice.Login_Test">
        <test-method status="PASS" signature="Setup()[pri:0, instance:CapGemini.AutomationPractice.Login_Test@ae45eb6]" name="Setup" duration-ms="14126" started-at="2019-02-11T16:28:12Z" finished-at="2019-02-11T16:28:26Z">
          <reporter-output>
          </reporter-output>
        </test-method> <!-- Setup -->
        <test-method status="PASS" signature="Login_Successful(java.lang.String, java.lang.String)[pri:0, instance:CapGemini.AutomationPractice.Login_Test@ae45eb6]" name="Login_Successful" duration-ms="8304" started-at="2019-02-11T16:28:26Z" finished-at="2019-02-11T16:28:34Z">
          <params>
            <param index="0">
              <value>
                <![CDATA[maruthi.th@gmail.com]]>
              </value>
            </param>
            <param index="1">
              <value>
                <![CDATA[Capgemini]]>
              </value>
            </param>
          </params>
          <reporter-output>
            <line>
              <![CDATA[Clicked on element with identification : By.linkText: Sign in]]>
            </line>
            <line>
              <![CDATA[Text box value set as : maruthi.th@gmail.com]]>
            </line>
            <line>
              <![CDATA[Text box value set as : Capgemini]]>
            </line>
            <line>
              <![CDATA[Clicked on element with identification : By.name: SubmitLogin]]>
            </line>
            <line>
              <![CDATA[Login successful: Welcome to your account. Here you can manage all of your personal information and orders.]]>
            </line>
          </reporter-output>
        </test-method> <!-- Login_Successful -->
        <test-method status="PASS" signature="Exit()[pri:0, instance:CapGemini.AutomationPractice.Login_Test@ae45eb6]" name="Exit" is-config="true" duration-ms="1046" started-at="2019-02-11T16:28:34Z" finished-at="2019-02-11T16:28:35Z">
          <reporter-output>
          </reporter-output>
        </test-method> <!-- Exit -->
      </class> <!-- CapGemini.AutomationPractice.Login_Test -->
    </test> <!-- Login -->
    <test name="Login, Find the most expensive dress and add it to the cart, Logout, Login, verify the cart" duration-ms="22560" started-at="2019-02-11T16:28:35Z" finished-at="2019-02-11T16:28:58Z">
      <class name="CapGemini.AutomationPractice.Shop_Dresses_Test">
        <test-method status="PASS" signature="Setup()[pri:0, instance:CapGemini.AutomationPractice.Shop_Dresses_Test@f6c48ac]" name="Setup" duration-ms="4940" started-at="2019-02-11T16:28:35Z" finished-at="2019-02-11T16:28:40Z">
          <reporter-output>
          </reporter-output>
        </test-method> <!-- Setup -->
        <test-method status="FAIL" signature="buyDress_MaxRate(java.lang.String, java.lang.String)[pri:0, instance:CapGemini.AutomationPractice.Shop_Dresses_Test@f6c48ac]" name="buyDress_MaxRate" duration-ms="16819" started-at="2019-02-11T16:28:40Z" finished-at="2019-02-11T16:28:57Z">
          <params>
            <param index="0">
              <value>
                <![CDATA[maruthi.th@gmail.com]]>
              </value>
            </param>
            <param index="1">
              <value>
                <![CDATA[Capgemini]]>
              </value>
            </param>
          </params>
          <exception class="java.lang.AssertionError">
            <message>
              <![CDATA[ Product count in the cart does not match. Expected : 1 Actual : ]]>
            </message>
            <full-stacktrace>
              <![CDATA[java.lang.AssertionError:  Product count in the cart does not match. Expected : 1 Actual : 
at org.testng.Assert.fail(Assert.java:96)
at CapGemini.AutomationPractice.Home_Page.checkCart_ProductCount(Home_Page.java:139)
at CapGemini.AutomationPractice.Shop_Dresses_Test.buyDress_MaxRate(Shop_Dresses_Test.java:31)
at sun.reflect.NativeMethodAccessorImpl.invoke0(Native Method)
at sun.reflect.NativeMethodAccessorImpl.invoke(NativeMethodAccessorImpl.java:62)
at sun.reflect.DelegatingMethodAccessorImpl.invoke(DelegatingMethodAccessorImpl.java:43)
at java.lang.reflect.Method.invoke(Method.java:498)
at org.testng.internal.MethodInvocationHelper.invokeMethod(MethodInvocationHelper.java:124)
at org.testng.internal.Invoker.invokeMethod(Invoker.java:583)
at org.testng.internal.Invoker.invokeTestMethod(Invoker.java:719)
at org.testng.internal.Invoker.invokeTestMethods(Invoker.java:989)
at org.testng.internal.TestMethodWorker.invokeTestMethods(TestMethodWorker.java:125)
at org.testng.internal.TestMethodWorker.run(TestMethodWorker.java:109)
at org.testng.TestRunner.privateRun(TestRunner.java:648)
at org.testng.TestRunner.run(TestRunner.java:505)
at org.testng.SuiteRunner.runTest(SuiteRunner.java:455)
at org.testng.SuiteRunner.runSequentially(SuiteRunner.java:450)
at org.testng.SuiteRunner.privateRun(SuiteRunner.java:415)
at org.testng.SuiteRunner.run(SuiteRunner.java:364)
at org.testng.SuiteRunnerWorker.runSuite(SuiteRunnerWorker.java:52)
at org.testng.SuiteRunnerWorker.run(SuiteRunnerWorker.java:84)
at org.testng.TestNG.runSuitesSequentially(TestNG.java:1208)
at org.testng.TestNG.runSuitesLocally(TestNG.java:1137)
at org.testng.TestNG.runSuites(TestNG.java:1049)
at org.testng.TestNG.run(TestNG.java:1017)
at org.testng.remote.AbstractRemoteTestNG.run(AbstractRemoteTestNG.java:132)
at org.testng.remote.RemoteTestNG.initAndRun(RemoteTestNG.java:230)
at org.testng.remote.RemoteTestNG.main(RemoteTestNG.java:76)
]]>
            </full-stacktrace>
          </exception> <!-- java.lang.AssertionError -->
          <reporter-output>
            <line>
              <![CDATA[Clicked on element with identification : By.linkText: Sign in]]>
            </line>
            <line>
              <![CDATA[Text box value set as : maruthi.th@gmail.com]]>
            </line>
            <line>
              <![CDATA[Text box value set as : Capgemini]]>
            </line>
            <line>
              <![CDATA[Clicked on element with identification : By.name: SubmitLogin]]>
            </line>
            <line>
              <![CDATA[Login successful: Welcome to your account. Here you can manage all of your personal information and orders.]]>
            </line>
            <line>
              <![CDATA[Max Price found on the website : 50.99]]>
            </line>
            <line>
              <![CDATA[Text box value set as : 1]]>
            </line>
            <line>
              <![CDATA[Clicked on element with identification : By.name: Submit]]>
            </line>
            <line>
              <![CDATA[Clicked on element with identification : By.xpath: //span[@title = 'Continue shopping']]]>
            </line>
            <line>
              <![CDATA[1 Dress added to the cart with amount : 50.99]]>
            </line>
            <line>
              <![CDATA[ Product count in the cart matches : 1]]>
            </line>
            <line>
              <![CDATA[Clicked on element with identification : By.xpath: //a[@title='Log me out']]]>
            </line>
            <line>
              <![CDATA[Logged out from the account successfully !!!]]>
            </line>
            <line>
              <![CDATA[Clicked on element with identification : By.linkText: Sign in]]>
            </line>
            <line>
              <![CDATA[Text box value set as : maruthi.th@gmail.com]]>
            </line>
            <line>
              <![CDATA[Text box value set as : Capgemini]]>
            </line>
            <line>
              <![CDATA[Clicked on element with identification : By.name: SubmitLogin]]>
            </line>
            <line>
              <![CDATA[Login successful: Welcome to your account. Here you can manage all of your personal information and orders.]]>
            </line>
          </reporter-output>
        </test-method> <!-- buyDress_MaxRate -->
        <test-method status="PASS" signature="Exit()[pri:0, instance:CapGemini.AutomationPractice.Shop_Dresses_Test@f6c48ac]" name="Exit" is-config="true" duration-ms="795" started-at="2019-02-11T16:28:57Z" finished-at="2019-02-11T16:28:58Z">
          <reporter-output>
          </reporter-output>
        </test-method> <!-- Exit -->
      </class> <!-- CapGemini.AutomationPractice.Shop_Dresses_Test -->
    </test> <!-- Login, Find the most expensive dress and add it to the cart, Logout, Login, verify the cart -->
    <test name="Login_Logout" duration-ms="14331" started-at="2019-02-11T16:28:58Z" finished-at="2019-02-11T16:29:12Z">
      <class name="CapGemini.AutomationPractice.Logout_Test">
        <test-method status="PASS" signature="Setup()[pri:0, instance:CapGemini.AutomationPractice.Logout_Test@14bf9759]" name="Setup" duration-ms="4340" started-at="2019-02-11T16:28:58Z" finished-at="2019-02-11T16:29:02Z">
          <reporter-output>
          </reporter-output>
        </test-method> <!-- Setup -->
        <test-method status="PASS" signature="Login_Logout(java.lang.String, java.lang.String)[pri:0, instance:CapGemini.AutomationPractice.Logout_Test@14bf9759]" name="Login_Logout" duration-ms="9372" started-at="2019-02-11T16:29:02Z" finished-at="2019-02-11T16:29:12Z">
          <params>
            <param index="0">
              <value>
                <![CDATA[maruthi.th@gmail.com]]>
              </value>
            </param>
            <param index="1">
              <value>
                <![CDATA[Capgemini]]>
              </value>
            </param>
          </params>
          <reporter-output>
            <line>
              <![CDATA[Clicked on element with identification : By.linkText: Sign in]]>
            </line>
            <line>
              <![CDATA[Text box value set as : maruthi.th@gmail.com]]>
            </line>
            <line>
              <![CDATA[Text box value set as : Capgemini]]>
            </line>
            <line>
              <![CDATA[Clicked on element with identification : By.name: SubmitLogin]]>
            </line>
            <line>
              <![CDATA[Login successful: Welcome to your account. Here you can manage all of your personal information and orders.]]>
            </line>
            <line>
              <![CDATA[Clicked on element with identification : By.xpath: //a[@title='Log me out']]]>
            </line>
            <line>
              <![CDATA[Logged out from the account successfully !!!]]>
            </line>
          </reporter-output>
        </test-method> <!-- Login_Logout -->
        <test-method status="PASS" signature="Exit()[pri:0, instance:CapGemini.AutomationPractice.Logout_Test@14bf9759]" name="Exit" is-config="true" duration-ms="615" started-at="2019-02-11T16:29:12Z" finished-at="2019-02-11T16:29:12Z">
          <reporter-output>
          </reporter-output>
        </test-method> <!-- Exit -->
      </class> <!-- CapGemini.AutomationPractice.Logout_Test -->
    </test> <!-- Login_Logout -->
  </suite> <!-- TestSuite -->
</testng-results>
