<?xml version="1.0" encoding="UTF-8"?>
<!-- Generated by org.testng.reporters.JUnitXMLReporter -->
<testsuite hostname="Maruthis-MacBook-Pro.local" ignored="1" name="CreateAccount" tests="1" failures="1" timestamp="30 Jan 2019 17:36:40 GMT" time="0.039" errors="0">
  <testcase name="Login_Successful" time="0.01" classname="CapGemini.AutomationPractice.Login_Test">
    <failure type="java.lang.NullPointerException">
      <![CDATA[java.lang.NullPointerException
at CapGemini.AutomationPractice.Login_Test.Login_Successful(Login_Test.java:14)
... Removed 25 stack frames]]>
    </failure>
  </testcase> <!-- Login_Successful -->
  <testcase name="Setup" time="0.0" classname="CapGemini.AutomationPractice.BaseTest">
    <ignored/>
  </testcase> <!-- Setup -->
</testsuite> <!-- CreateAccount -->
