<?xml version="1.0" encoding="UTF-8"?>
<!-- Generated by org.testng.reporters.JUnitXMLReporter -->
<testsuite hostname="Maruthis-MacBook-Pro.local" ignored="0" name="Create a new account" tests="2" failures="0" timestamp="31 Jan 2019 11:41:30 GMT" time="17.465" errors="0">
  <testcase name="Setup" time="3.58" classname="CapGemini.AutomationPractice.BaseTest"/>
  <testcase name="signin_CreateAccount" time="13.257" classname="CapGemini.AutomationPractice.CreateAccount_Test"/>
</testsuite> <!-- Create a new account -->
