<?xml version="1.0" encoding="UTF-8"?>
<!-- Generated by org.testng.reporters.JUnitXMLReporter -->
<testsuite hostname="Maruthis-MacBook-Pro.local" ignored="0" name="Login, Find the most expensive dress and add it to the cart, Logout, Login, verify the cart" tests="2" failures="1" timestamp="31 Jan 2019 11:42:03 GMT" time="22.713" errors="0">
  <testcase name="Setup" time="2.795" classname="CapGemini.AutomationPractice.BaseTest"/>
  <testcase name="buyDress_MaxRate" time="19.298" classname="CapGemini.AutomationPractice.Shop_Dresses_Test">
    <failure type="java.lang.AssertionError" message=" Product count in the cart does not match. Expected : 1 Actual : ">
      <![CDATA[java.lang.AssertionError:  Product count in the cart does not match. Expected : 1 Actual : 
at CapGemini.AutomationPractice.Home_Page.checkCart_ProductCount(Home_Page.java:139)
at CapGemini.AutomationPractice.Shop_Dresses_Test.buyDress_MaxRate(Shop_Dresses_Test.java:31)
... Removed 26 stack frames]]>
    </failure>
  </testcase> <!-- buyDress_MaxRate -->
</testsuite> <!-- Login, Find the most expensive dress and add it to the cart, Logout, Login, verify the cart -->
