<?xml version="1.0" encoding="UTF-8"?>
<!-- Generated by org.testng.reporters.JUnitXMLReporter -->
<testsuite hostname="Maruthis-MacBook-Pro.local" ignored="0" name="Login, Find the most expensive dress and add it to the cart, Logout, Login, verify the cart" tests="2" failures="1" timestamp="21 Feb 2019 17:48:53 GMT" time="36.067" errors="0">
  <testcase name="Setup" time="16.234" classname="tests.BaseTest"/>
  <testcase name="buyDress_MaxRate" time="17.771" classname="tests.Shop_Dresses_Test">
    <failure type="java.lang.AssertionError" message=" Product count in the cart does not match. Expected : 1 Actual : ">
      <![CDATA[java.lang.AssertionError:  Product count in the cart does not match. Expected : 1 Actual : 
at pages.Home_Page.checkCart_ProductCount(Home_Page.java:141)
at tests.Shop_Dresses_Test.buyDress_MaxRate(Shop_Dresses_Test.java:34)
... Removed 26 stack frames]]>
    </failure>
  </testcase> <!-- buyDress_MaxRate -->
</testsuite> <!-- Login, Find the most expensive dress and add it to the cart, Logout, Login, verify the cart -->
