<?xml version="1.0" encoding="UTF-8"?>
<!-- Generated by org.testng.reporters.JUnitXMLReporter -->
<testsuite hostname="Maruthis-MacBook-Pro.local" ignored="0" name="Login, Find the most expensive dress and add it to the car, Logout, Login, verfiy the cart" tests="2" failures="1" timestamp="31 Jan 2019 10:58:24 GMT" time="22.464" errors="0">
  <testcase name="Setup" time="2.829" classname="CapGemini.AutomationPractice.BaseTest"/>
  <testcase name="buyDress_MaxRate" time="18.914" classname="CapGemini.AutomationPractice.Shop_Dresses_Test">
    <failure type="java.lang.AssertionError" message=" Product count in the cart does not match. Expected : 1 Actual : ">
      <![CDATA[java.lang.AssertionError:  Product count in the cart does not match. Expected : 1 Actual : 
at CapGemini.AutomationPractice.Home_Page.checkCart_ProductCount(Home_Page.java:134)
at CapGemini.AutomationPractice.Shop_Dresses_Test.buyDress_MaxRate(Shop_Dresses_Test.java:31)
... Removed 26 stack frames]]>
    </failure>
  </testcase> <!-- buyDress_MaxRate -->
</testsuite> <!-- Login, Find the most expensive dress and add it to the car, Logout, Login, verfiy the cart -->
